TN:
SF:src/Marketplace.sol
FN:61,Marketplace.
FNDA:0,Marketplace.
DA:67,0
BRDA:67,0,0,-
BRDA:67,0,1,-
DA:68,0
BRDA:68,1,0,-
BRDA:68,1,1,-
DA:69,0
BRDA:69,2,0,-
BRDA:69,2,1,-
DA:70,0
DA:71,0
DA:73,0
BRDA:73,3,0,-
BRDA:73,3,1,-
DA:77,0
DA:78,0
FN:82,Marketplace.sell
FNDA:0,Marketplace.sell
DA:83,0
DA:84,0
DA:85,0
DA:86,0
FN:89,Marketplace.buy
FNDA:0,Marketplace.buy
DA:90,0
BRDA:90,4,0,-
BRDA:90,4,1,-
DA:91,0
BRDA:91,5,0,-
BRDA:91,5,1,-
DA:92,0
BRDA:92,6,0,-
BRDA:92,6,1,-
DA:93,0
BRDA:93,7,0,-
BRDA:93,7,1,-
DA:94,0
DA:95,0
DA:96,0
DA:98,0
DA:100,0
DA:101,0
DA:103,0
DA:106,0
DA:107,0
DA:108,0
DA:109,0
DA:110,0
DA:112,0
DA:113,0
DA:115,0
DA:116,0
DA:117,0
DA:118,0
DA:119,0
DA:121,0
DA:122,0
FN:125,Marketplace.getQueueLength
FNDA:0,Marketplace.getQueueLength
DA:128,0
FN:131,Marketplace.getTokenIdInQueueByIndex
FNDA:0,Marketplace.getTokenIdInQueueByIndex
DA:135,0
FN:138,Marketplace.getPrice
FNDA:0,Marketplace.getPrice
DA:139,0
FN:142,Marketplace._setUpRef
FNDA:0,Marketplace._setUpRef
DA:143,0
DA:144,0
DA:145,0
BRDA:145,8,0,-
DA:146,0
BRDA:146,9,0,-
BRDA:146,9,1,-
DA:147,0
DA:149,0
DA:151,0
DA:152,0
FN:156,Marketplace._getHomies
FNDA:0,Marketplace._getHomies
DA:159,0
DA:160,0
DA:161,0
DA:162,0
FN:165,Marketplace._calculateFees
FNDA:0,Marketplace._calculateFees
DA:172,0
DA:173,0
DA:174,0
DA:175,0
FN:178,Marketplace.onERC721Received
FNDA:0,Marketplace.onERC721Received
DA:184,0
BRDA:184,10,0,-
BRDA:184,10,1,-
DA:185,0
DA:186,0
DA:188,0
FNF:10
FNH:0
LF:60
LH:0
BRF:21
BRH:0
end_of_record
TN:
SF:src/StreetCred.sol
FN:68,StreetCred.
FNDA:10,StreetCred.
DA:71,10
FN:86,StreetCred.mintStreetSoul
FNDA:1,StreetCred.mintStreetSoul
DA:94,1
BRDA:94,0,0,-
BRDA:94,0,1,1
DA:95,1
BRDA:95,1,0,-
BRDA:95,1,1,1
DA:96,1
BRDA:96,2,0,-
BRDA:96,2,1,1
DA:99,1
DA:100,1
DA:110,1
DA:113,1
DA:114,1
DA:115,1
DA:116,1
BRDA:116,3,0,-
BRDA:116,3,1,1
DA:118,1
BRDA:118,4,0,-
BRDA:118,4,1,1
DA:119,1
DA:120,1
DA:121,1
DA:123,1
BRDA:123,5,0,-
BRDA:123,5,1,1
DA:124,1
BRDA:124,6,0,-
BRDA:124,6,1,1
DA:125,1
BRDA:125,7,0,-
BRDA:125,7,1,1
DA:127,1
FN:130,StreetCred.ownerMintStreetSoul
FNDA:46,StreetCred.ownerMintStreetSoul
DA:131,45
DA:133,45
BRDA:133,8,0,1
BRDA:133,8,1,44
DA:136,44
BRDA:136,9,0,1
BRDA:136,9,1,43
DA:137,43
DA:138,43
DA:146,43
FN:149,StreetCred.setHustleMarket
FNDA:6,StreetCred.setHustleMarket
DA:151,5
FN:154,StreetCred.setBaseURI
FNDA:2,StreetCred.setBaseURI
DA:156,1
DA:157,1
FN:162,StreetCred.getTokenInfo
FNDA:1,StreetCred.getTokenInfo
DA:165,1
FN:167,StreetCred.vibeCount
FNDA:0,StreetCred.vibeCount
DA:169,1
DA:171,1
FN:172,StreetCred.balanceOfType
FNDA:41,StreetCred.balanceOfType
DA:175,43
FN:179,StreetCred.getCreatedNft
FNDA:0,StreetCred.getCreatedNft
DA:183,0
DA:185,0
FN:185,StreetCred.getNftTypeById
FNDA:1,StreetCred.getNftTypeById
DA:186,1
FN:189,StreetCred.tokenOfOwnerTypeAndIndex
FNDA:1,StreetCred.tokenOfOwnerTypeAndIndex
DA:194,4
FN:198,StreetCred.tokenOfOwnerTypeLast
FNDA:1,StreetCred.tokenOfOwnerTypeLast
DA:202,1
FN:206,StreetCred.userTokensByType
FNDA:2,StreetCred.userTokensByType
DA:209,2
DA:210,2
DA:211,5
DA:216,2
FN:216,StreetCred.isActive
FNDA:1,StreetCred.isActive
DA:217,1
FN:221,StreetCred.tokenURI
FNDA:0,StreetCred.tokenURI
DA:223,0
BRDA:223,10,0,-
BRDA:223,10,1,-
DA:224,0
DA:226,0
DA:227,0
FN:236,StreetCred.generateKey
FNDA:0,StreetCred.generateKey
DA:239,1
FN:245,StreetCred._mintStreetSoul
FNDA:1,StreetCred._mintStreetSoul
DA:251,1
DA:253,1
DA:254,1
BRDA:254,11,0,-
BRDA:254,11,1,1
DA:258,1
DA:259,1
DA:260,1
BRDA:260,12,0,-
BRDA:260,12,1,1
DA:261,1
BRDA:261,13,0,-
BRDA:261,13,1,1
DA:264,1
DA:265,1
DA:266,1
DA:267,1
DA:275,1
FN:278,StreetCred._baseURI
FNDA:0,StreetCred._baseURI
DA:282,0
FN:283,StreetCred._update
FNDA:46,StreetCred._update
DA:287,46
DA:288,46
DA:289,46
DA:291,46
BRDA:291,14,0,46
BRDA:291,14,1,46
DA:292,46
DA:295,0
FNF:19
FNH:14
LF:66
LH:58
BRF:30
BRH:17
end_of_record
TN:
SF:test/TestUsdc.sol
FN:7,TestUsdc.
FNDA:10,TestUsdc.
DA:8,10
FN:11,TestUsdc.decimals
FNDA:0,TestUsdc.decimals
DA:12,0
FN:15,TestUsdc.mint
FNDA:0,TestUsdc.mint
DA:16,0
FNF:3
FNH:1
LF:3
LH:1
BRF:0
BRH:0
end_of_record
