TN:
SF:src/HustleBox.sol
FN:28,HustleBox.
FNDA:37,HustleBox.
DA:33,37
DA:34,37
DA:35,37
FN:38,HustleBox.openBox
FNDA:5,HustleBox.openBox
DA:39,5
DA:40,5
BRDA:40,0,0,1
BRDA:40,0,1,4
DA:41,4
BRDA:41,1,0,1
BRDA:41,1,1,3
DA:42,3
BRDA:42,2,0,1
BRDA:42,2,1,2
DA:44,2
DA:45,2
DA:46,2
DA:47,2
DA:49,2
FN:52,HustleBox.isAvailableToOpen
FNDA:1,HustleBox.isAvailableToOpen
DA:53,4
FN:56,HustleBox.calculateMaxPrize
FNDA:1,HustleBox.calculateMaxPrize
DA:57,3
DA:58,3
DA:59,3
DA:60,3
DA:61,3
BRDA:61,3,0,3
DA:62,3
DA:64,0
FN:67,HustleBox._calculateWinnings
FNDA:2,HustleBox._calculateWinnings
DA:71,2
DA:72,2
DA:74,2
BRDA:74,4,0,-
DA:75,0
FN:79,HustleBox._random
FNDA:2,HustleBox._random
DA:83,2
FNF:6
FNH:6
LF:25
LH:23
BRF:8
BRH:7
end_of_record
TN:
SF:src/HustleMarket.sol
FN:76,HustleMarket.
FNDA:39,HustleMarket.
DA:82,39
BRDA:82,0,0,1
BRDA:82,0,1,38
DA:83,38
BRDA:83,1,0,1
BRDA:83,1,1,37
DA:84,37
DA:85,37
DA:91,37
DA:92,111
FN:96,HustleMarket.setLottery
FNDA:38,HustleMarket.setLottery
DA:97,37
DA:98,37
FN:101,HustleMarket.addNewTokenType
FNDA:4,HustleMarket.addNewTokenType
DA:105,3
BRDA:105,2,0,1
BRDA:105,2,1,2
DA:106,2
BRDA:106,3,0,1
BRDA:106,3,1,1
DA:107,1
FN:110,HustleMarket.sell
FNDA:39,HustleMarket.sell
DA:111,39
DA:112,39
BRDA:112,4,0,1
BRDA:112,4,1,38
DA:113,38
DA:114,38
DA:115,38
BRDA:115,5,0,1
BRDA:115,5,1,37
DA:116,1
DA:118,37
FN:122,HustleMarket.buy
FNDA:32,HustleMarket.buy
DA:123,32
DA:125,30
BRDA:125,6,0,26
BRDA:125,6,1,4
DA:126,26
DA:128,4
FN:167,HustleMarket._queueUp
FNDA:4,HustleMarket._queueUp
DA:168,4
DA:169,4
DA:170,4
BRDA:170,7,0,1
BRDA:170,7,1,3
DA:172,3
DA:173,3
DA:175,3
DA:177,3
DA:178,3
FN:181,HustleMarket._sellToQueueOfUsers
FNDA:1,HustleMarket._sellToQueueOfUsers
DA:185,1
DA:186,1
DA:187,1
DA:189,1
DA:194,1
DA:196,1
DA:198,1
DA:199,1
DA:200,1
DA:201,1
DA:203,1
DA:204,1
DA:205,1
DA:206,1
DA:207,1
DA:209,1
DA:210,1
FN:213,HustleMarket._buyFromQueue
FNDA:26,HustleMarket._buyFromQueue
DA:214,26
DA:215,26
DA:217,26
DA:218,26
DA:220,26
DA:225,26
DA:227,26
DA:228,26
DA:229,26
DA:230,26
DA:231,26
DA:233,26
DA:234,26
DA:236,26
DA:237,26
DA:238,26
DA:239,26
DA:240,26
DA:241,26
DA:243,26
DA:244,26
FN:247,HustleMarket.getQueueLength
FNDA:2,HustleMarket.getQueueLength
DA:250,2
FN:253,HustleMarket.getTokenIdInQueueByIndex
FNDA:1,HustleMarket.getTokenIdInQueueByIndex
DA:257,1
FN:260,HustleMarket.getPrice
FNDA:7,HustleMarket.getPrice
DA:261,7
FN:264,HustleMarket.getUserInfo
FNDA:1,HustleMarket.getUserInfo
DA:265,1
FN:268,HustleMarket.getUsersQueueLength
FNDA:2,HustleMarket.getUsersQueueLength
DA:271,2
FN:274,HustleMarket.getUserInQueueByIndex
FNDA:1,HustleMarket.getUserInQueueByIndex
DA:278,1
FN:281,HustleMarket._setUpRef
FNDA:32,HustleMarket._setUpRef
DA:282,32
DA:283,32
DA:284,32
DA:285,30
BRDA:285,8,0,30
DA:286,30
BRDA:286,9,0,1
BRDA:286,9,1,29
DA:287,29
BRDA:287,10,0,2
BRDA:287,10,1,1
DA:288,2
BRDA:288,11,0,1
BRDA:288,11,1,1
DA:289,1
DA:290,1
DA:291,1
DA:293,27
DA:294,27
DA:295,27
DA:297,28
DA:298,28
FN:302,HustleMarket._getHomies
FNDA:65,HustleMarket._getHomies
DA:305,65
DA:306,65
DA:307,65
DA:308,65
FN:311,HustleMarket._calculateFees
FNDA:27,HustleMarket._calculateFees
DA:323,27
DA:324,27
DA:325,27
DA:326,27
DA:327,27
FN:330,HustleMarket.onERC721Received
FNDA:40,HustleMarket.onERC721Received
DA:336,40
BRDA:336,12,0,39
BRDA:336,12,1,1
DA:337,39
DA:338,38
DA:340,1
FNF:18
FNH:18
LF:102
LH:102
BRF:25
BRH:25
end_of_record
TN:
SF:src/StreetCred.sol
FN:87,StreetCred.
FNDA:67,StreetCred.
DA:90,67
FN:105,StreetCred.mintStreetSoul
FNDA:27,StreetCred.mintStreetSoul
DA:113,27
BRDA:113,0,0,1
BRDA:113,0,1,26
DA:114,26
BRDA:114,1,0,1
BRDA:114,1,1,25
DA:115,25
BRDA:115,2,0,1
BRDA:115,2,1,24
DA:116,24
DA:118,24
DA:128,24
DA:132,24
DA:133,24
DA:134,24
DA:136,24
BRDA:136,3,0,1
BRDA:136,3,1,23
DA:137,23
BRDA:137,4,0,1
BRDA:137,4,1,22
DA:139,22
DA:141,22
DA:142,22
DA:144,22
BRDA:144,5,0,1
BRDA:144,5,1,21
DA:145,21
BRDA:145,6,0,1
BRDA:145,6,1,20
DA:146,20
BRDA:146,7,0,1
BRDA:146,7,1,19
DA:148,19
FN:151,StreetCred.ownerMintStreetSoul
FNDA:128,StreetCred.ownerMintStreetSoul
DA:152,127
DA:153,127
BRDA:153,8,0,1
BRDA:153,8,1,126
DA:157,126
BRDA:157,9,0,1
BRDA:157,9,1,125
DA:158,125
DA:159,125
DA:166,125
DA:167,125
FN:170,StreetCred.setHustleMarket
FNDA:58,StreetCred.setHustleMarket
DA:171,57
DA:172,57
FN:175,StreetCred.setBaseURI
FNDA:40,StreetCred.setBaseURI
DA:176,39
DA:177,39
FN:182,StreetCred.getTokenInfo
FNDA:69,StreetCred.getTokenInfo
DA:185,69
FN:188,StreetCred.vibeCount
FNDA:1,StreetCred.vibeCount
DA:189,18
FN:192,StreetCred.balanceOfType
FNDA:42,StreetCred.balanceOfType
DA:196,124
FN:199,StreetCred.getCreatedNft
FNDA:1,StreetCred.getCreatedNft
DA:203,1
FN:206,StreetCred.getNftTypeById
FNDA:43,StreetCred.getNftTypeById
DA:207,43
FN:210,StreetCred.tokenOfOwnerTypeAndIndex
FNDA:1,StreetCred.tokenOfOwnerTypeAndIndex
DA:215,92
FN:218,StreetCred.tokenOfOwnerTypeLast
FNDA:1,StreetCred.tokenOfOwnerTypeLast
DA:222,1
DA:223,1
FN:226,StreetCred.userTokensByType
FNDA:82,StreetCred.userTokensByType
DA:230,82
DA:231,82
DA:232,91
DA:234,82
FN:237,StreetCred.isActive
FNDA:5,StreetCred.isActive
DA:238,5
FN:241,StreetCred.tokenURI
FNDA:3,StreetCred.tokenURI
DA:244,3
BRDA:244,10,0,1
BRDA:244,10,1,2
DA:245,2
DA:246,2
DA:247,2
FN:256,StreetCred.generateKey
FNDA:1,StreetCred.generateKey
DA:260,25
FN:265,StreetCred._mintStreetSoul
FNDA:19,StreetCred._mintStreetSoul
DA:272,19
DA:274,19
BRDA:274,11,0,1
BRDA:274,11,1,18
DA:279,18
DA:280,18
DA:281,18
BRDA:281,12,0,1
BRDA:281,12,1,17
DA:282,17
BRDA:282,13,0,1
BRDA:282,13,1,16
DA:284,16
DA:285,16
DA:286,16
DA:288,16
DA:296,16
FN:299,StreetCred._baseURI
FNDA:2,StreetCred._baseURI
DA:300,2
FN:303,StreetCred._update
FNDA:224,StreetCred._update
DA:308,224
DA:309,224
DA:310,224
DA:311,224
DA:312,224
FNF:19
FNH:19
LF:65
LH:65
BRF:28
BRH:28
end_of_record
TN:
SF:test/TestUsdc.sol
FN:7,TestUsdc.
FNDA:67,TestUsdc.
DA:8,67
FN:11,TestUsdc.decimals
FNDA:0,TestUsdc.decimals
DA:12,0
FN:15,TestUsdc.mint
FNDA:32,TestUsdc.mint
DA:16,32
FNF:3
FNH:2
LF:3
LH:2
BRF:0
BRH:0
end_of_record
